<?xml version="1.0" encoding="UTF-8"?>
<testsuite xmlns:xsi="http://www.w3.org/2001/XMLSchema-instance" xsi:noNamespaceSchemaLocation="https://maven.apache.org/surefire/maven-surefire-plugin/xsd/surefire-test-report-3.0.xsd" version="3.0" name="org.example.testRunners.R01_Smoke" time="165.62" tests="16" errors="0" skipped="0" failures="2">
  <properties>
[...]
</properties>
  <testcase name="runScenario[&quot;guest user could register with valid data successfully&quot;, &quot;F01_Register | users could register with new accounts&quot;](1)" classname="org.example.testRunners.R01_Smoke" time="11.436">
    <system-out><![CDATA[
@smoke
Scenario: guest user could register with valid data successfully &amp#27;[90m# src/main/resources/features/F01_Register.feature:5&amp#27;[0m
  &amp#27;[32mGiven &amp#27;[0m&amp#27;[32muser go to register page&amp#27;[0m                                 &amp#27;[90m# org.example.stepDefinitions.SD01_Register.step1()&amp#27;[0m
  &amp#27;[32mWhen &amp#27;[0m&amp#27;[32muser select gender type&amp#27;[0m                                   &amp#27;[90m# org.example.stepDefinitions.SD01_Register.step2()&amp#27;[0m
  &amp#27;[32mAnd &amp#27;[0m&amp#27;[32muser enter first name "&amp#27;[0m&amp#27;[32m&amp#27;[1mOmar&amp#27;[0m&amp#27;[32m" and last name "&amp#27;[0m&amp#27;[32m&amp#27;[1mAlaa&amp#27;[0m&amp#27;[32m"&amp#27;[0m          &amp#27;[90m# org.example.stepDefinitions.SD01_Register.step3(java.lang.String,java.lang.String)&amp#27;[0m
  &amp#27;[32mAnd &amp#27;[0m&amp#27;[32muser enter date of birth&amp#27;[0m                                   &amp#27;[90m# org.example.stepDefinitions.SD01_Register.step4()&amp#27;[0m
  &amp#27;[32mAnd &amp#27;[0m&amp#27;[32muser enter email "&amp#27;[0m&amp#27;[32m&amp#27;[1m404omaralaa407@gmail.com&amp#27;[0m&amp#27;[32m" field&amp#27;[0m          &amp#27;[90m# org.example.stepDefinitions.SD01_Register.step5(java.lang.String)&amp#27;[0m
  &amp#27;[32mAnd &amp#27;[0m&amp#27;[32muser enter company name&amp#27;[0m                                    &amp#27;[90m# org.example.stepDefinitions.SD01_Register.step6()&amp#27;[0m
  &amp#27;[32mAnd &amp#27;[0m&amp#27;[32muser fills Password fields "&amp#27;[0m&amp#27;[32m&amp#27;[1mP@ssw0rd&amp#27;[0m&amp#27;[32m" and "&amp#27;[0m&amp#27;[32m&amp#27;[1mP@ssw0rd&amp#27;[0m&amp#27;[32m"&amp#27;[0m       &amp#27;[90m# org.example.stepDefinitions.SD01_Register.step7(java.lang.String,java.lang.String)&amp#27;[0m
  &amp#27;[32mAnd &amp#27;[0m&amp#27;[32muser clicks on register button&amp#27;[0m                             &amp#27;[90m# org.example.stepDefinitions.SD01_Register.step8()&amp#27;[0m
  &amp#27;[32mThen &amp#27;[0m&amp#27;[32msuccess message is displayed&amp#27;[0m                              &amp#27;[90m# org.example.stepDefinitions.SD01_Register.step9()&amp#27;[0m
]]></system-out>
    <system-err><![CDATA[SLF4J: Failed to load class "org.slf4j.impl.StaticLoggerBinder".
SLF4J: Defaulting to no-operation (NOP) logger implementation
SLF4J: See http://www.slf4j.org/codes.html#StaticLoggerBinder for further details.
Starting ChromeDriver 103.0.5060.53 (a1711811edd74ff1cf2150f36ffa3b0dae40b17f-refs/branch-heads/5060@{#853}) on port 59673
Only local connections are allowed.
Please see https://chromedriver.chromium.org/security-considerations for suggestions on keeping ChromeDriver safe.
ChromeDriver was started successfully.
Jul 12, 2022 5:07:21 PM org.openqa.selenium.remote.ProtocolHandshake createSession
INFO: Detected upstream dialect: W3C
Jul 12, 2022 5:07:21 PM org.openqa.selenium.devtools.CdpVersionFinder findNearestMatch
INFO: Found exact CDP implementation for version 103
]]></system-err>
  </testcase>
  <testcase name="runScenario[&quot;user login with valid data&quot;, &quot;F02_Login | user should be able to login to the system&quot;](2)" classname="org.example.testRunners.R01_Smoke" time="8.974">
    <system-out><![CDATA[
@smoke
Scenario: user login with valid data                        &amp#27;[90m# src/main/resources/features/F02_Login.feature:7&amp#27;[0m
  &amp#27;[32mGiven &amp#27;[0m&amp#27;[32muser navigate to login page&amp#27;[0m                         &amp#27;[90m# org.example.stepDefinitions.SD02_Login.step1()&amp#27;[0m
  &amp#27;[32mWhen &amp#27;[0m&amp#27;[32muser enter "&amp#27;[0m&amp#27;[32m&amp#27;[1m404omaralaa407@gmail.com&amp#27;[0m&amp#27;[32m" and "&amp#27;[0m&amp#27;[32m&amp#27;[1mP@ssw0rd&amp#27;[0m&amp#27;[32m"&amp#27;[0m &amp#27;[90m# org.example.stepDefinitions.SD02_Login.step2(java.lang.String,java.lang.String)&amp#27;[0m
  &amp#27;[32mThen &amp#27;[0m&amp#27;[32muser click on login button&amp#27;[0m                           &amp#27;[90m# org.example.stepDefinitions.SD02_Login.step3()&amp#27;[0m
  &amp#27;[32mAnd &amp#27;[0m&amp#27;[32muser could login successfully and go to home page&amp#27;[0m     &amp#27;[90m# org.example.stepDefinitions.SD02_Login.step4()&amp#27;[0m
]]></system-out>
    <system-err><![CDATA[Starting ChromeDriver 103.0.5060.53 (a1711811edd74ff1cf2150f36ffa3b0dae40b17f-refs/branch-heads/5060@{#853}) on port 52608
Only local connections are allowed.
Please see https://chromedriver.chromium.org/security-considerations for suggestions on keeping ChromeDriver safe.
ChromeDriver was started successfully.
Jul 12, 2022 5:07:31 PM org.openqa.selenium.remote.ProtocolHandshake createSession
INFO: Detected upstream dialect: W3C
Jul 12, 2022 5:07:31 PM org.openqa.selenium.devtools.CdpVersionFinder findNearestMatch
INFO: Found exact CDP implementation for version 103
]]></system-err>
  </testcase>
  <testcase name="runScenario[&quot;user login with invalid data&quot;, &quot;F02_Login | user should be able to login to the system&quot;](3)" classname="org.example.testRunners.R01_Smoke" time="8.664">
    <system-out><![CDATA[
@smoke
Scenario: user login with invalid data                      &amp#27;[90m# src/main/resources/features/F02_Login.feature:13&amp#27;[0m
  &amp#27;[32mGiven &amp#27;[0m&amp#27;[32muser navigate to login page&amp#27;[0m                         &amp#27;[90m# org.example.stepDefinitions.SD02_Login.step1()&amp#27;[0m
  &amp#27;[32mWhen &amp#27;[0m&amp#27;[32muser enter "&amp#27;[0m&amp#27;[32m&amp#27;[1mjasdfnads@gmail.com&amp#27;[0m&amp#27;[32m" and "&amp#27;[0m&amp#27;[32m&amp#27;[1mPassword&amp#27;[0m&amp#27;[32m"&amp#27;[0m      &amp#27;[90m# org.example.stepDefinitions.SD02_Login.step2(java.lang.String,java.lang.String)&amp#27;[0m
  &amp#27;[32mThen &amp#27;[0m&amp#27;[32muser click on login button&amp#27;[0m                           &amp#27;[90m# org.example.stepDefinitions.SD02_Login.step3()&amp#27;[0m
  &amp#27;[32mAnd &amp#27;[0m&amp#27;[32muser could not login successfully and go to home page&amp#27;[0m &amp#27;[90m# org.example.stepDefinitions.SD02_Login.step5()&amp#27;[0m
]]></system-out>
    <system-err><![CDATA[Starting ChromeDriver 103.0.5060.53 (a1711811edd74ff1cf2150f36ffa3b0dae40b17f-refs/branch-heads/5060@{#853}) on port 59500
Only local connections are allowed.
Please see https://chromedriver.chromium.org/security-considerations for suggestions on keeping ChromeDriver safe.
ChromeDriver was started successfully.
Jul 12, 2022 5:07:40 PM org.openqa.selenium.remote.ProtocolHandshake createSession
INFO: Detected upstream dialect: W3C
Jul 12, 2022 5:07:40 PM org.openqa.selenium.devtools.CdpVersionFinder findNearestMatch
INFO: Found exact CDP implementation for version 103
]]></system-err>
  </testcase>
  <testcase name="runScenario[&quot;User could reset the password successfully&quot;, &quot;F03_PasswordRecovery | User could reset password successfully&quot;](4)" classname="org.example.testRunners.R01_Smoke" time="8.048">
    <system-out><![CDATA[
@smoke
Scenario: User could reset the password successfully &amp#27;[90m# src/main/resources/features/F03_PasswordRecovery.feature:5&amp#27;[0m
  &amp#27;[32mGiven &amp#27;[0m&amp#27;[32muser navigate to login page&amp#27;[0m                  &amp#27;[90m# org.example.stepDefinitions.SD02_Login.step1()&amp#27;[0m
  &amp#27;[32mAnd &amp#27;[0m&amp#27;[32muser click on forgot password&amp#27;[0m                  &amp#27;[90m# org.example.stepDefinitions.SD03_PasswordRecovery.step1()&amp#27;[0m
  &amp#27;[32mThen &amp#27;[0m&amp#27;[32muser fill email with valid email&amp#27;[0m              &amp#27;[90m# org.example.stepDefinitions.SD03_PasswordRecovery.step2()&amp#27;[0m
  &amp#27;[32mAnd &amp#27;[0m&amp#27;[32muser click on Recover button&amp#27;[0m                   &amp#27;[90m# org.example.stepDefinitions.SD03_PasswordRecovery.step3()&amp#27;[0m
  &amp#27;[32mThen &amp#27;[0m&amp#27;[32muser should see message&amp#27;[0m                       &amp#27;[90m# org.example.stepDefinitions.SD03_PasswordRecovery.step4()&amp#27;[0m
]]></system-out>
    <system-err><![CDATA[Starting ChromeDriver 103.0.5060.53 (a1711811edd74ff1cf2150f36ffa3b0dae40b17f-refs/branch-heads/5060@{#853}) on port 49440
Only local connections are allowed.
Please see https://chromedriver.chromium.org/security-considerations for suggestions on keeping ChromeDriver safe.
ChromeDriver was started successfully.
Jul 12, 2022 5:07:49 PM org.openqa.selenium.remote.ProtocolHandshake createSession
INFO: Detected upstream dialect: W3C
Jul 12, 2022 5:07:49 PM org.openqa.selenium.devtools.CdpVersionFinder findNearestMatch
INFO: Found exact CDP implementation for version 103
]]></system-err>
  </testcase>
  <testcase name="runScenario[&quot;Logged User could switch between currencies&quot;, &quot;F04_Currency | user could switch between currencies US-Euro&quot;](5)" classname="org.example.testRunners.R01_Smoke" time="30.129">
    <system-out><![CDATA[
@smoke
Scenario: Logged User could switch between currencies  &amp#27;[90m# src/main/resources/features/F04_Currency.feature:4&amp#27;[0m
  &amp#27;[32mGiven &amp#27;[0m&amp#27;[32muser navigate to homepage&amp#27;[0m                      &amp#27;[90m# org.example.stepDefinitions.SD04_Currency.step1()&amp#27;[0m
  &amp#27;[32mWhen &amp#27;[0m&amp#27;[32muser change current currency to Euro&amp#27;[0m            &amp#27;[90m# org.example.stepDefinitions.SD04_Currency.step2()&amp#27;[0m
  &amp#27;[32mThen &amp#27;[0m&amp#27;[32muser should found all products prices in Euro&amp#27;[0m   &amp#27;[90m# org.example.stepDefinitions.SD04_Currency.step3()&amp#27;[0m
  &amp#27;[32mWhen &amp#27;[0m&amp#27;[32muser change current currency to Dollar&amp#27;[0m          &amp#27;[90m# org.example.stepDefinitions.SD04_Currency.step4()&amp#27;[0m
  &amp#27;[32mThen &amp#27;[0m&amp#27;[32muser should found all products prices in Dollar&amp#27;[0m &amp#27;[90m# org.example.stepDefinitions.SD04_Currency.step5()&amp#27;[0m
]]></system-out>
    <system-err><![CDATA[Starting ChromeDriver 103.0.5060.53 (a1711811edd74ff1cf2150f36ffa3b0dae40b17f-refs/branch-heads/5060@{#853}) on port 53559
Only local connections are allowed.
Please see https://chromedriver.chromium.org/security-considerations for suggestions on keeping ChromeDriver safe.
ChromeDriver was started successfully.
Jul 12, 2022 5:07:57 PM org.openqa.selenium.remote.ProtocolHandshake createSession
INFO: Detected upstream dialect: W3C
Jul 12, 2022 5:07:57 PM org.openqa.selenium.devtools.CdpVersionFinder findNearestMatch
INFO: Found exact CDP implementation for version 103
]]></system-err>
  </testcase>
  <testcase name="runScenario[&quot;user could search using product name&quot;, &quot;F05_Search | users will be able to search for products with different parameters&quot;](6)" classname="org.example.testRunners.R01_Smoke" time="9.046">
    <system-out><![CDATA[
@smoke
Scenario: user could search using product name              &amp#27;[90m# src/main/resources/features/F05_Search.feature:7&amp#27;[0m
  &amp#27;[32mGiven &amp#27;[0m&amp#27;[32muser navigate to login page&amp#27;[0m                         &amp#27;[90m# org.example.stepDefinitions.SD02_Login.step1()&amp#27;[0m
  &amp#27;[32mWhen &amp#27;[0m&amp#27;[32muser click on search bar&amp#27;[0m                             &amp#27;[90m# org.example.stepDefinitions.SD05_Search.step1()&amp#27;[0m
  &amp#27;[32mAnd &amp#27;[0m&amp#27;[32muser search for product like "&amp#27;[0m&amp#27;[32m&amp#27;[1mApple&amp#27;[0m&amp#27;[32m"&amp#27;[0m                  &amp#27;[90m# org.example.stepDefinitions.SD05_Search.step2(java.lang.String)&amp#27;[0m
  &amp#27;[32mAnd &amp#27;[0m&amp#27;[32muser click on search Button&amp#27;[0m                           &amp#27;[90m# org.example.stepDefinitions.SD05_Search.step3()&amp#27;[0m
  &amp#27;[32mThen &amp#27;[0m&amp#27;[32muser could search successfully and go to search page&amp#27;[0m &amp#27;[90m# org.example.stepDefinitions.SD05_Search.step4()&amp#27;[0m
]]></system-out>
    <system-err><![CDATA[Starting ChromeDriver 103.0.5060.53 (a1711811edd74ff1cf2150f36ffa3b0dae40b17f-refs/branch-heads/5060@{#853}) on port 61444
Only local connections are allowed.
Please see https://chromedriver.chromium.org/security-considerations for suggestions on keeping ChromeDriver safe.
ChromeDriver was started successfully.
Jul 12, 2022 5:08:27 PM org.openqa.selenium.remote.ProtocolHandshake createSession
INFO: Detected upstream dialect: W3C
Jul 12, 2022 5:08:27 PM org.openqa.selenium.devtools.CdpVersionFinder findNearestMatch
INFO: Found exact CDP implementation for version 103
]]></system-err>
  </testcase>
  <testcase name="runScenario[&quot;user search using SKU&quot;, &quot;F05_Search | users will be able to search for products with different parameters&quot;](7)" classname="org.example.testRunners.R01_Smoke" time="7.972">
    <system-out><![CDATA[
@smoke
Scenario: user search using SKU                &amp#27;[90m# src/main/resources/features/F05_Search.feature:13&amp#27;[0m
  &amp#27;[32mGiven &amp#27;[0m&amp#27;[32muser navigate to login page&amp#27;[0m            &amp#27;[90m# org.example.stepDefinitions.SD02_Login.step1()&amp#27;[0m
  &amp#27;[32mWhen &amp#27;[0m&amp#27;[32muser click on search bar&amp#27;[0m                &amp#27;[90m# org.example.stepDefinitions.SD05_Search.step1()&amp#27;[0m
  &amp#27;[32mAnd &amp#27;[0m&amp#27;[32muser search for product like "&amp#27;[0m&amp#27;[32m&amp#27;[1mAP_MBP_13&amp#27;[0m&amp#27;[32m"&amp#27;[0m &amp#27;[90m# org.example.stepDefinitions.SD05_Search.step2(java.lang.String)&amp#27;[0m
  &amp#27;[32mAnd &amp#27;[0m&amp#27;[32muser click on search Button&amp#27;[0m              &amp#27;[90m# org.example.stepDefinitions.SD05_Search.step3()&amp#27;[0m
  &amp#27;[32mThen &amp#27;[0m&amp#27;[32muser could search successfully with SKU&amp#27;[0m &amp#27;[90m# org.example.stepDefinitions.SD05_Search.step5()&amp#27;[0m
]]></system-out>
    <system-err><![CDATA[Starting ChromeDriver 103.0.5060.53 (a1711811edd74ff1cf2150f36ffa3b0dae40b17f-refs/branch-heads/5060@{#853}) on port 54263
Only local connections are allowed.
Please see https://chromedriver.chromium.org/security-considerations for suggestions on keeping ChromeDriver safe.
ChromeDriver was started successfully.
Jul 12, 2022 5:08:36 PM org.openqa.selenium.remote.ProtocolHandshake createSession
INFO: Detected upstream dialect: W3C
Jul 12, 2022 5:08:36 PM org.openqa.selenium.devtools.CdpVersionFinder findNearestMatch
INFO: Found exact CDP implementation for version 103
]]></system-err>
  </testcase>
  <testcase name="runScenario[&quot;user search using invalid product name&quot;, &quot;F05_Search | users will be able to search for products with different parameters&quot;](8)" classname="org.example.testRunners.R01_Smoke" time="9.446">
    <system-out><![CDATA[
@smoke
Scenario: user search using invalid product name &amp#27;[90m# src/main/resources/features/F05_Search.feature:19&amp#27;[0m
  &amp#27;[32mGiven &amp#27;[0m&amp#27;[32muser navigate to login page&amp#27;[0m              &amp#27;[90m# org.example.stepDefinitions.SD02_Login.step1()&amp#27;[0m
  &amp#27;[32mWhen &amp#27;[0m&amp#27;[32muser click on search bar&amp#27;[0m                  &amp#27;[90m# org.example.stepDefinitions.SD05_Search.step1()&amp#27;[0m
  &amp#27;[32mAnd &amp#27;[0m&amp#27;[32muser search for product like "&amp#27;[0m&amp#27;[32m&amp#27;[1mnothing&amp#27;[0m&amp#27;[32m"&amp#27;[0m     &amp#27;[90m# org.example.stepDefinitions.SD05_Search.step2(java.lang.String)&amp#27;[0m
  &amp#27;[32mAnd &amp#27;[0m&amp#27;[32muser click on search Button&amp#27;[0m                &amp#27;[90m# org.example.stepDefinitions.SD05_Search.step3()&amp#27;[0m
  &amp#27;[32mThen &amp#27;[0m&amp#27;[32muser could not search&amp#27;[0m                     &amp#27;[90m# org.example.stepDefinitions.SD05_Search.step6()&amp#27;[0m
]]></system-out>
    <system-err><![CDATA[Starting ChromeDriver 103.0.5060.53 (a1711811edd74ff1cf2150f36ffa3b0dae40b17f-refs/branch-heads/5060@{#853}) on port 57715
Only local connections are allowed.
Please see https://chromedriver.chromium.org/security-considerations for suggestions on keeping ChromeDriver safe.
ChromeDriver was started successfully.
Jul 12, 2022 5:08:44 PM org.openqa.selenium.remote.ProtocolHandshake createSession
INFO: Detected upstream dialect: W3C
Jul 12, 2022 5:08:44 PM org.openqa.selenium.devtools.CdpVersionFinder findNearestMatch
INFO: Found exact CDP implementation for version 103
]]></system-err>
  </testcase>
  <testcase name="runScenario[&quot;user could hover categories&quot;, &quot;F06_HoverCategories  |  user could hover categories and select sub category&quot;](9)" classname="org.example.testRunners.R01_Smoke" time="8.368">
    <system-out><![CDATA[
@smoke
Scenario: user could hover categories             &amp#27;[90m# src/main/resources/features/F06_HoverCategories.feature:5&amp#27;[0m
  &amp#27;[32mGiven &amp#27;[0m&amp#27;[32muser navigate to homepage&amp#27;[0m                 &amp#27;[90m# org.example.stepDefinitions.SD04_Currency.step1()&amp#27;[0m
  &amp#27;[32mWhen &amp#27;[0m&amp#27;[32muser hover category and select subcategory&amp#27;[0m &amp#27;[90m# org.example.stepDefinitions.SD06_HoverCategories.step1()&amp#27;[0m
  &amp#27;[32mAnd &amp#27;[0m&amp#27;[32muser click on subcategory&amp#27;[0m                   &amp#27;[90m# org.example.stepDefinitions.SD06_HoverCategories.step2()&amp#27;[0m
  &amp#27;[32mThen &amp#27;[0m&amp#27;[32muser go to relative product page&amp#27;[0m           &amp#27;[90m# org.example.stepDefinitions.SD06_HoverCategories.step3()&amp#27;[0m
]]></system-out>
    <system-err><![CDATA[Starting ChromeDriver 103.0.5060.53 (a1711811edd74ff1cf2150f36ffa3b0dae40b17f-refs/branch-heads/5060@{#853}) on port 61547
Only local connections are allowed.
Please see https://chromedriver.chromium.org/security-considerations for suggestions on keeping ChromeDriver safe.
ChromeDriver was started successfully.
Jul 12, 2022 5:08:54 PM org.openqa.selenium.remote.ProtocolHandshake createSession
INFO: Detected upstream dialect: W3C
Jul 12, 2022 5:08:54 PM org.openqa.selenium.devtools.CdpVersionFinder findNearestMatch
INFO: Found exact CDP implementation for version 103
]]></system-err>
  </testcase>
  <testcase name="runScenario[&quot;user opens facebook link&quot;, &quot;F08_FollowUs | users could open followUs links&quot;](10)" classname="org.example.testRunners.R01_Smoke" time="8.322">
    <system-out><![CDATA[
@smoke
Scenario: user opens facebook link                                 &amp#27;[90m# src/main/resources/features/F08_FollowUs.feature:8&amp#27;[0m
  &amp#27;[32mGiven &amp#27;[0m&amp#27;[32muser navigate to homepage&amp#27;[0m                                  &amp#27;[90m# org.example.stepDefinitions.SD04_Currency.step1()&amp#27;[0m
  &amp#27;[32mWhen &amp#27;[0m&amp#27;[32muser opens facebook link&amp#27;[0m                                    &amp#27;[90m# org.example.stepDefinitions.SD08_FollowUs.user_opens_facebook()&amp#27;[0m
  &amp#27;[32mThen &amp#27;[0m&amp#27;[32m"&amp#27;[0m&amp#27;[32m&amp#27;[1mhttps://www.facebook.com/nopCommerce&amp#27;[0m&amp#27;[32m" is opened in new tab&amp#27;[0m &amp#27;[90m# org.example.stepDefinitions.SD08_FollowUs.opens_new_tab(java.lang.String)&amp#27;[0m
]]></system-out>
    <system-err><![CDATA[Starting ChromeDriver 103.0.5060.53 (a1711811edd74ff1cf2150f36ffa3b0dae40b17f-refs/branch-heads/5060@{#853}) on port 49387
Only local connections are allowed.
Please see https://chromedriver.chromium.org/security-considerations for suggestions on keeping ChromeDriver safe.
ChromeDriver was started successfully.
Jul 12, 2022 5:09:02 PM org.openqa.selenium.remote.ProtocolHandshake createSession
INFO: Detected upstream dialect: W3C
Jul 12, 2022 5:09:02 PM org.openqa.selenium.devtools.CdpVersionFinder findNearestMatch
INFO: Found exact CDP implementation for version 103
]]></system-err>
  </testcase>
  <testcase name="runScenario[&quot;user opens twitter link&quot;, &quot;F08_FollowUs | users could open followUs links&quot;](11)" classname="org.example.testRunners.R01_Smoke" time="8.217">
    <system-out><![CDATA[
@smoke
Scenario: user opens twitter link                             &amp#27;[90m# src/main/resources/features/F08_FollowUs.feature:13&amp#27;[0m
  &amp#27;[32mGiven &amp#27;[0m&amp#27;[32muser navigate to homepage&amp#27;[0m                             &amp#27;[90m# org.example.stepDefinitions.SD04_Currency.step1()&amp#27;[0m
  &amp#27;[32mWhen &amp#27;[0m&amp#27;[32muser opens twitter link&amp#27;[0m                                &amp#27;[90m# org.example.stepDefinitions.SD08_FollowUs.user_opens_twitter()&amp#27;[0m
  &amp#27;[32mThen &amp#27;[0m&amp#27;[32m"&amp#27;[0m&amp#27;[32m&amp#27;[1mhttps://twitter.com/nopCommerce&amp#27;[0m&amp#27;[32m" is opened in new tab&amp#27;[0m &amp#27;[90m# org.example.stepDefinitions.SD08_FollowUs.opens_new_tab(java.lang.String)&amp#27;[0m
]]></system-out>
    <system-err><![CDATA[Starting ChromeDriver 103.0.5060.53 (a1711811edd74ff1cf2150f36ffa3b0dae40b17f-refs/branch-heads/5060@{#853}) on port 61300
Only local connections are allowed.
Please see https://chromedriver.chromium.org/security-considerations for suggestions on keeping ChromeDriver safe.
ChromeDriver was started successfully.
Jul 12, 2022 5:09:10 PM org.openqa.selenium.remote.ProtocolHandshake createSession
INFO: Detected upstream dialect: W3C
Jul 12, 2022 5:09:10 PM org.openqa.selenium.devtools.CdpVersionFinder findNearestMatch
INFO: Found exact CDP implementation for version 103
]]></system-err>
  </testcase>
  <testcase name="runScenario[&quot;user opens rss link&quot;, &quot;F08_FollowUs | users could open followUs links&quot;](12)" classname="org.example.testRunners.R01_Smoke" time="9.456">
    <failure message="Index 1 out of bounds for length 1" type="java.lang.IndexOutOfBoundsException"><![CDATA[java.lang.IndexOutOfBoundsException: Index 1 out of bounds for length 1
	at java.base/jdk.internal.util.Preconditions.outOfBounds(Preconditions.java:100)
	at java.base/jdk.internal.util.Preconditions.outOfBoundsCheckIndex(Preconditions.java:106)
	at java.base/jdk.internal.util.Preconditions.checkIndex(Preconditions.java:302)
	at java.base/java.util.Objects.checkIndex(Objects.java:359)
	at java.base/java.util.ArrayList.get(ArrayList.java:427)
	at org.example.stepDefinitions.SD08_FollowUs.opens_new_tab(SD08_FollowUs.java:21)
	at ✽."https://demo.nopcommerce.com/new-online-store-is-open" is opened in new tab(file:///C:/Users/qqError404/IdeaProjects/E-CommerceAutomationProject/src/main/resources/features/F08_FollowUs.feature:20)
]]></failure>
    <system-out><![CDATA[
@smoke
Scenario: user opens rss link                                                       &amp#27;[90m# src/main/resources/features/F08_FollowUs.feature:18&amp#27;[0m
  &amp#27;[32mGiven &amp#27;[0m&amp#27;[32muser navigate to homepage&amp#27;[0m                                                   &amp#27;[90m# org.example.stepDefinitions.SD04_Currency.step1()&amp#27;[0m
  &amp#27;[32mWhen &amp#27;[0m&amp#27;[32muser opens rss link&amp#27;[0m                                                          &amp#27;[90m# org.example.stepDefinitions.SD08_FollowUs.user_opens_rss()&amp#27;[0m
  &amp#27;[31mThen &amp#27;[0m&amp#27;[31m"&amp#27;[0m&amp#27;[31m&amp#27;[1mhttps://demo.nopcommerce.com/new-online-store-is-open&amp#27;[0m&amp#27;[31m" is opened in new tab&amp#27;[0m &amp#27;[90m# org.example.stepDefinitions.SD08_FollowUs.opens_new_tab(java.lang.String)&amp#27;[0m
      &amp#27;[31mjava.lang.IndexOutOfBoundsException: Index 1 out of bounds for length 1
	at java.base/jdk.internal.util.Preconditions.outOfBounds(Preconditions.java:100)
	at java.base/jdk.internal.util.Preconditions.outOfBoundsCheckIndex(Preconditions.java:106)
	at java.base/jdk.internal.util.Preconditions.checkIndex(Preconditions.java:302)
	at java.base/java.util.Objects.checkIndex(Objects.java:359)
	at java.base/java.util.ArrayList.get(ArrayList.java:427)
	at org.example.stepDefinitions.SD08_FollowUs.opens_new_tab(SD08_FollowUs.java:21)
	at ✽."https://demo.nopcommerce.com/new-online-store-is-open" is opened in new tab(file:///C:/Users/qqError404/IdeaProjects/E-CommerceAutomationProject/src/main/resources/features/F08_FollowUs.feature:20)
&amp#27;[0m
]]></system-out>
    <system-err><![CDATA[Starting ChromeDriver 103.0.5060.53 (a1711811edd74ff1cf2150f36ffa3b0dae40b17f-refs/branch-heads/5060@{#853}) on port 50168
Only local connections are allowed.
Please see https://chromedriver.chromium.org/security-considerations for suggestions on keeping ChromeDriver safe.
ChromeDriver was started successfully.
Jul 12, 2022 5:09:18 PM org.openqa.selenium.remote.ProtocolHandshake createSession
INFO: Detected upstream dialect: W3C
Jul 12, 2022 5:09:18 PM org.openqa.selenium.devtools.CdpVersionFinder findNearestMatch
INFO: Found exact CDP implementation for version 103
]]></system-err>
  </testcase>
  <testcase name="runScenario[&quot;user opens youtube link&quot;, &quot;F08_FollowUs | users could open followUs links&quot;](13)" classname="org.example.testRunners.R01_Smoke" time="8.842">
    <system-out><![CDATA[
@smoke
Scenario: user opens youtube link                                      &amp#27;[90m# src/main/resources/features/F08_FollowUs.feature:23&amp#27;[0m
  &amp#27;[32mGiven &amp#27;[0m&amp#27;[32muser navigate to homepage&amp#27;[0m                                      &amp#27;[90m# org.example.stepDefinitions.SD04_Currency.step1()&amp#27;[0m
  &amp#27;[32mWhen &amp#27;[0m&amp#27;[32muser opens youtube link&amp#27;[0m                                         &amp#27;[90m# org.example.stepDefinitions.SD08_FollowUs.user_opens_youtube()&amp#27;[0m
  &amp#27;[32mThen &amp#27;[0m&amp#27;[32m"&amp#27;[0m&amp#27;[32m&amp#27;[1mhttps://www.youtube.com/user/nopCommerce&amp#27;[0m&amp#27;[32m" is opened in new tab&amp#27;[0m &amp#27;[90m# org.example.stepDefinitions.SD08_FollowUs.opens_new_tab(java.lang.String)&amp#27;[0m
]]></system-out>
    <system-err><![CDATA[Starting ChromeDriver 103.0.5060.53 (a1711811edd74ff1cf2150f36ffa3b0dae40b17f-refs/branch-heads/5060@{#853}) on port 64714
Only local connections are allowed.
Please see https://chromedriver.chromium.org/security-considerations for suggestions on keeping ChromeDriver safe.
ChromeDriver was started successfully.
Jul 12, 2022 5:09:28 PM org.openqa.selenium.remote.ProtocolHandshake createSession
INFO: Detected upstream dialect: W3C
Jul 12, 2022 5:09:28 PM org.openqa.selenium.devtools.CdpVersionFinder findNearestMatch
INFO: Found exact CDP implementation for version 103
]]></system-err>
  </testcase>
  <testcase name="runScenario[&quot;success message is visible after adding item to wishlist&quot;, &quot;F08_WishList  |  guest user could add products to wishlist&quot;](14)" classname="org.example.testRunners.R01_Smoke" time="9.348">
    <system-out><![CDATA[
@smoke
Scenario: success message is visible after adding item to wishlist &amp#27;[90m# src/main/resources/features/F09_WishList.feature:11&amp#27;[0m
  &amp#27;[32mWhen &amp#27;[0m&amp#27;[32muser navigate to login page&amp#27;[0m                                 &amp#27;[90m# org.example.stepDefinitions.SD02_Login.step1()&amp#27;[0m
  &amp#27;[32mAnd &amp#27;[0m&amp#27;[32muser enter "&amp#27;[0m&amp#27;[32m&amp#27;[1m404omarAlaa407@gmail.com&amp#27;[0m&amp#27;[32m" and "&amp#27;[0m&amp#27;[32m&amp#27;[1mP@ssw0rd&amp#27;[0m&amp#27;[32m"&amp#27;[0m         &amp#27;[90m# org.example.stepDefinitions.SD02_Login.step2(java.lang.String,java.lang.String)&amp#27;[0m
  &amp#27;[32mThen &amp#27;[0m&amp#27;[32muser click on login button&amp#27;[0m                                  &amp#27;[90m# org.example.stepDefinitions.SD02_Login.step3()&amp#27;[0m
  &amp#27;[32mAnd &amp#27;[0m&amp#27;[32muser could login successfully and go to home page&amp#27;[0m            &amp#27;[90m# org.example.stepDefinitions.SD02_Login.step4()&amp#27;[0m
  &amp#27;[32mWhen &amp#27;[0m&amp#27;[32muser add item to wishlist&amp#27;[0m                                   &amp#27;[90m# org.example.stepDefinitions.SD09_WishList.user_add_item_to_wishlist()&amp#27;[0m
  &amp#27;[32mThen &amp#27;[0m&amp#27;[32mwishlist notification success is visible&amp#27;[0m                    &amp#27;[90m# org.example.stepDefinitions.SD09_WishList.success_notification()&amp#27;[0m
]]></system-out>
    <system-err><![CDATA[Starting ChromeDriver 103.0.5060.53 (a1711811edd74ff1cf2150f36ffa3b0dae40b17f-refs/branch-heads/5060@{#853}) on port 54534
Only local connections are allowed.
Please see https://chromedriver.chromium.org/security-considerations for suggestions on keeping ChromeDriver safe.
ChromeDriver was started successfully.
Jul 12, 2022 5:09:37 PM org.openqa.selenium.remote.ProtocolHandshake createSession
INFO: Detected upstream dialect: W3C
Jul 12, 2022 5:09:37 PM org.openqa.selenium.devtools.CdpVersionFinder findNearestMatch
INFO: Found exact CDP implementation for version 103
]]></system-err>
  </testcase>
  <testcase name="runScenario[&quot;number of wishlist items in home page is increased&quot;, &quot;F08_WishList  |  guest user could add products to wishlist&quot;](15)" classname="org.example.testRunners.R01_Smoke" time="9.636">
    <system-out><![CDATA[
@smoke
Scenario: number of wishlist items in home page is increased  &amp#27;[90m# src/main/resources/features/F09_WishList.feature:16&amp#27;[0m
  &amp#27;[32mWhen &amp#27;[0m&amp#27;[32muser navigate to login page&amp#27;[0m                            &amp#27;[90m# org.example.stepDefinitions.SD02_Login.step1()&amp#27;[0m
  &amp#27;[32mAnd &amp#27;[0m&amp#27;[32muser enter "&amp#27;[0m&amp#27;[32m&amp#27;[1m404omarAlaa407@gmail.com&amp#27;[0m&amp#27;[32m" and "&amp#27;[0m&amp#27;[32m&amp#27;[1mP@ssw0rd&amp#27;[0m&amp#27;[32m"&amp#27;[0m    &amp#27;[90m# org.example.stepDefinitions.SD02_Login.step2(java.lang.String,java.lang.String)&amp#27;[0m
  &amp#27;[32mThen &amp#27;[0m&amp#27;[32muser click on login button&amp#27;[0m                             &amp#27;[90m# org.example.stepDefinitions.SD02_Login.step3()&amp#27;[0m
  &amp#27;[32mAnd &amp#27;[0m&amp#27;[32muser could login successfully and go to home page&amp#27;[0m       &amp#27;[90m# org.example.stepDefinitions.SD02_Login.step4()&amp#27;[0m
  &amp#27;[32mWhen &amp#27;[0m&amp#27;[32muser add item to wishlist&amp#27;[0m                              &amp#27;[90m# org.example.stepDefinitions.SD09_WishList.user_add_item_to_wishlist()&amp#27;[0m
  &amp#27;[32mThen &amp#27;[0m&amp#27;[32mwishlist notification success is visible&amp#27;[0m               &amp#27;[90m# org.example.stepDefinitions.SD09_WishList.success_notification()&amp#27;[0m
  &amp#27;[32mAnd &amp#27;[0m&amp#27;[32muser get the number of wishlist items after adding item&amp#27;[0m &amp#27;[90m# org.example.stepDefinitions.SD09_WishList.items_increased()&amp#27;[0m
  &amp#27;[32mThen &amp#27;[0m&amp#27;[32mthe number of wishlist increased&amp#27;[0m                       &amp#27;[90m# org.example.stepDefinitions.SD09_WishList.number_of_items_of_wishlist()&amp#27;[0m
]]></system-out>
    <system-err><![CDATA[Starting ChromeDriver 103.0.5060.53 (a1711811edd74ff1cf2150f36ffa3b0dae40b17f-refs/branch-heads/5060@{#853}) on port 50379
Only local connections are allowed.
Please see https://chromedriver.chromium.org/security-considerations for suggestions on keeping ChromeDriver safe.
ChromeDriver was started successfully.
Jul 12, 2022 5:09:46 PM org.openqa.selenium.remote.ProtocolHandshake createSession
INFO: Detected upstream dialect: W3C
Jul 12, 2022 5:09:46 PM org.openqa.selenium.devtools.CdpVersionFinder findNearestMatch
INFO: Found exact CDP implementation for version 103
]]></system-err>
  </testcase>
  <testcase name="runScenario[&quot;added items are displayed on wishlist&quot;, &quot;F08_WishList  |  guest user could add products to wishlist&quot;](16)" classname="org.example.testRunners.R01_Smoke" time="8.553">
    <failure message="The following asserts failed:&#10;	URL login expected [https://demo.nopcommerce.com/] but found [https://demo.nopcommerce.com/login?returnurl=%2F]" type="java.lang.AssertionError"><![CDATA[java.lang.AssertionError: 
The following asserts failed:
	URL login expected [https://demo.nopcommerce.com/] but found [https://demo.nopcommerce.com/login?returnurl=%2F]
	at org.testng.asserts.SoftAssert.assertAll(SoftAssert.java:46)
	at org.testng.asserts.SoftAssert.assertAll(SoftAssert.java:30)
	at org.example.stepDefinitions.SD02_Login.step4(SD02_Login.java:32)
	at ✽.user could login successfully and go to home page(file:///C:/Users/qqError404/IdeaProjects/E-CommerceAutomationProject/src/main/resources/features/F09_WishList.feature:8)
]]></failure>
    <system-out><![CDATA[
@smoke
Scenario: added items are displayed on wishlist               &amp#27;[90m# src/main/resources/features/F09_WishList.feature:23&amp#27;[0m
  &amp#27;[32mWhen &amp#27;[0m&amp#27;[32muser navigate to login page&amp#27;[0m                            &amp#27;[90m# org.example.stepDefinitions.SD02_Login.step1()&amp#27;[0m
  &amp#27;[32mAnd &amp#27;[0m&amp#27;[32muser enter "&amp#27;[0m&amp#27;[32m&amp#27;[1m404omarAlaa407@gmail.com&amp#27;[0m&amp#27;[32m" and "&amp#27;[0m&amp#27;[32m&amp#27;[1mP@ssw0rd&amp#27;[0m&amp#27;[32m"&amp#27;[0m    &amp#27;[90m# org.example.stepDefinitions.SD02_Login.step2(java.lang.String,java.lang.String)&amp#27;[0m
  &amp#27;[32mThen &amp#27;[0m&amp#27;[32muser click on login button&amp#27;[0m                             &amp#27;[90m# org.example.stepDefinitions.SD02_Login.step3()&amp#27;[0m
  &amp#27;[31mAnd &amp#27;[0m&amp#27;[31muser could login successfully and go to home page&amp#27;[0m       &amp#27;[90m# org.example.stepDefinitions.SD02_Login.step4()&amp#27;[0m
      &amp#27;[31mjava.lang.AssertionError: The following asserts failed:
	URL login expected [https://demo.nopcommerce.com/] but found [https://demo.nopcommerce.com/login?returnurl=%2F]
	at org.testng.asserts.SoftAssert.assertAll(SoftAssert.java:46)
	at org.testng.asserts.SoftAssert.assertAll(SoftAssert.java:30)
	at org.example.stepDefinitions.SD02_Login.step4(SD02_Login.java:32)
	at ✽.user could login successfully and go to home page(file:///C:/Users/qqError404/IdeaProjects/E-CommerceAutomationProject/src/main/resources/features/F09_WishList.feature:8)
&amp#27;[0m
  &amp#27;[36mWhen &amp#27;[0m&amp#27;[36muser add item to wishlist&amp#27;[0m                              &amp#27;[90m# org.example.stepDefinitions.SD09_WishList.user_add_item_to_wishlist()&amp#27;[0m
  &amp#27;[36mThen &amp#27;[0m&amp#27;[36mwishlist notification success is visible&amp#27;[0m               &amp#27;[90m# org.example.stepDefinitions.SD09_WishList.success_notification()&amp#27;[0m
  &amp#27;[36mAnd &amp#27;[0m&amp#27;[36muser get the number of wishlist items after adding item&amp#27;[0m &amp#27;[90m# org.example.stepDefinitions.SD09_WishList.items_increased()&amp#27;[0m
  &amp#27;[36mAnd &amp#27;[0m&amp#27;[36muser go to wishlist page&amp#27;[0m                                &amp#27;[90m# org.example.stepDefinitions.SD09_WishList.user_go_to_wishlist()&amp#27;[0m
  &amp#27;[36mThen &amp#27;[0m&amp#27;[36mthe number of items greater than zero in wishlist page&amp#27;[0m &amp#27;[90m# org.example.stepDefinitions.SD09_WishList.wishlist_Page_Assertion()&amp#27;[0m
]]></system-out>
    <system-err><![CDATA[Starting ChromeDriver 103.0.5060.53 (a1711811edd74ff1cf2150f36ffa3b0dae40b17f-refs/branch-heads/5060@{#853}) on port 61699
Only local connections are allowed.
Please see https://chromedriver.chromium.org/security-considerations for suggestions on keeping ChromeDriver safe.
ChromeDriver was started successfully.
Jul 12, 2022 5:09:56 PM org.openqa.selenium.remote.ProtocolHandshake createSession
INFO: Detected upstream dialect: W3C
Jul 12, 2022 5:09:56 PM org.openqa.selenium.devtools.CdpVersionFinder findNearestMatch
INFO: Found exact CDP implementation for version 103
]]></system-err>
  </testcase>
</testsuite>